PyTorch 1.10.2
Torchvision 0.11.3
Torchattacks 3.2.4
Numpy 1.21.5
Files already downloaded and verified
Files already downloaded and verified
100%|███████████████████████████████████████████████████████████████████████████████████████████████████| 50/50 [00:02<00:00, 24.25it/s]
Model StackedTrained with strength 0.0/255 has clean acc: 85.58
100%|███████████████████████████████████████████████████████████████████████████████████████████████████| 50/50 [00:55<00:00,  1.12s/it]
Model StackedTrained with strength 0.0/255 has PGD Adv acc on 0: 85.58
100%|███████████████████████████████████████████████████████████████████████████████████████████████████| 50/50 [00:01<00:00, 37.35it/s]
Model StackedTrained with strength 2.0/255 has clean acc: 91.52
100%|███████████████████████████████████████████████████████████████████████████████████████████████████| 50/50 [00:56<00:00,  1.12s/it]
Model StackedTrained with strength 2.0/255 has PGD Adv acc on 2: 76.31
100%|███████████████████████████████████████████████████████████████████████████████████████████████████| 50/50 [00:01<00:00, 37.19it/s]
Model StackedTrained with strength 4.0/255 has clean acc: 89.26
100%|███████████████████████████████████████████████████████████████████████████████████████████████████| 50/50 [00:56<00:00,  1.12s/it]
Model StackedTrained with strength 4.0/255 has PGD Adv acc on 4: 62.87
100%|███████████████████████████████████████████████████████████████████████████████████████████████████| 50/50 [00:01<00:00, 37.37it/s]
Model StackedTrained with strength 6.0/255 has clean acc: 87.67
100%|███████████████████████████████████████████████████████████████████████████████████████████████████| 50/50 [00:56<00:00,  1.12s/it]
Model StackedTrained with strength 6.0/255 has PGD Adv acc on 6: 51.42
100%|███████████████████████████████████████████████████████████████████████████████████████████████████| 50/50 [00:01<00:00, 37.39it/s]
Model StackedTrained with strength 8.0/255 has clean acc: 85.01
100%|███████████████████████████████████████████████████████████████████████████████████████████████████| 50/50 [00:56<00:00,  1.12s/it]
Model StackedTrained with strength 8.0/255 has PGD Adv acc on 8: 42.24
100%|███████████████████████████████████████████████████████████████████████████████████████████████████| 50/50 [00:01<00:00, 37.28it/s]
Model StackedTrained with strength 10.0/255 has clean acc: 83.18
100%|███████████████████████████████████████████████████████████████████████████████████████████████████| 50/50 [00:56<00:00,  1.12s/it]
Model StackedTrained with strength 10.0/255 has PGD Adv acc on 10: 34.37
100%|███████████████████████████████████████████████████████████████████████████████████████████████████| 50/50 [00:01<00:00, 37.36it/s]
Model StackedTrained with strength 12.0/255 has clean acc: 81.72
100%|███████████████████████████████████████████████████████████████████████████████████████████████████| 50/50 [00:56<00:00,  1.12s/it]
Model StackedTrained with strength 12.0/255 has PGD Adv acc on 12: 27.63