PyTorch 1.8.1
Torchvision 0.9.1
Torchattacks 3.2.6
Numpy 1.19.2
Files already downloaded and verified
Files already downloaded and verified
[Sunday, 15 May 2022 13:18:02 PM] Epoch [1/100], Loss: 2.0986, Val accuracy: 32.3
[Sunday, 15 May 2022 13:49:24 PM] Epoch [2/100], Loss: 2.0336, Val accuracy: 40.12
[Sunday, 15 May 2022 14:20:45 PM] Epoch [3/100], Loss: 2.0849, Val accuracy: 41.67
[Sunday, 15 May 2022 14:52:06 PM] Epoch [4/100], Loss: 1.9667, Val accuracy: 46.5
[Sunday, 15 May 2022 15:23:48 PM] Epoch [5/100], Loss: 1.8418, Val accuracy: 49.75
[Sunday, 15 May 2022 15:55:29 PM] Epoch [6/100], Loss: 1.8677, Val accuracy: 50.34
[Sunday, 15 May 2022 16:27:16 PM] Epoch [7/100], Loss: 1.7928, Val accuracy: 52.99
[Sunday, 15 May 2022 16:58:56 PM] Epoch [8/100], Loss: 1.7893, Val accuracy: 55.27
[Sunday, 15 May 2022 17:30:33 PM] Epoch [9/100], Loss: 1.8212, Val accuracy: 57.48
[Sunday, 15 May 2022 18:13:48 PM] Epoch [10/100], Loss: 1.6917, Val accuracy: 57.62, PGD Adv accuracy: 53.15
[Sunday, 15 May 2022 18:45:19 PM] Epoch [11/100], Loss: 1.7197, Val accuracy: 57.89
[Sunday, 15 May 2022 19:16:52 PM] Epoch [12/100], Loss: 1.7592, Val accuracy: 60.42
[Sunday, 15 May 2022 19:48:24 PM] Epoch [13/100], Loss: 1.8272, Val accuracy: 59.89
[Sunday, 15 May 2022 20:19:53 PM] Epoch [14/100], Loss: 1.5981, Val accuracy: 59.62
[Sunday, 15 May 2022 20:51:27 PM] Epoch [15/100], Loss: 1.6729, Val accuracy: 63.55
[Sunday, 15 May 2022 21:23:02 PM] Epoch [16/100], Loss: 1.6318, Val accuracy: 63.19
[Sunday, 15 May 2022 21:54:29 PM] Epoch [17/100], Loss: 1.6662, Val accuracy: 65.47
[Sunday, 15 May 2022 22:26:04 PM] Epoch [18/100], Loss: 1.468, Val accuracy: 65.03
[Sunday, 15 May 2022 22:57:34 PM] Epoch [19/100], Loss: 1.6331, Val accuracy: 63.07
[Sunday, 15 May 2022 23:40:25 PM] Epoch [20/100], Loss: 1.7242, Val accuracy: 63.94, PGD Adv accuracy: 59.17
[Monday, 16 May 2022 00:11:58 AM] Epoch [21/100], Loss: 1.637, Val accuracy: 65.65
[Monday, 16 May 2022 00:43:25 AM] Epoch [22/100], Loss: 1.4816, Val accuracy: 67.19
[Monday, 16 May 2022 01:15:00 AM] Epoch [23/100], Loss: 1.5857, Val accuracy: 64.82
[Monday, 16 May 2022 01:46:22 AM] Epoch [24/100], Loss: 1.47, Val accuracy: 66.79
[Monday, 16 May 2022 02:17:45 AM] Epoch [25/100], Loss: 1.5427, Val accuracy: 67.22
[Monday, 16 May 2022 02:49:07 AM] Epoch [26/100], Loss: 1.7465, Val accuracy: 66.72
[Monday, 16 May 2022 03:20:32 AM] Epoch [27/100], Loss: 1.7761, Val accuracy: 70.04
[Monday, 16 May 2022 03:51:50 AM] Epoch [28/100], Loss: 1.6335, Val accuracy: 68.35
[Monday, 16 May 2022 04:23:10 AM] Epoch [29/100], Loss: 1.5326, Val accuracy: 71.3
[Monday, 16 May 2022 05:05:50 AM] Epoch [30/100], Loss: 1.725, Val accuracy: 69.51, PGD Adv accuracy: 64.69
[Monday, 16 May 2022 05:37:08 AM] Epoch [31/100], Loss: 1.6591, Val accuracy: 66.09
[Monday, 16 May 2022 06:08:25 AM] Epoch [32/100], Loss: 1.5637, Val accuracy: 69.25
[Monday, 16 May 2022 06:39:41 AM] Epoch [33/100], Loss: 1.4148, Val accuracy: 69.42
[Monday, 16 May 2022 07:11:02 AM] Epoch [34/100], Loss: 1.4982, Val accuracy: 71.31
[Monday, 16 May 2022 07:42:18 AM] Epoch [35/100], Loss: 1.5732, Val accuracy: 69.13
[Monday, 16 May 2022 08:13:23 AM] Epoch [36/100], Loss: 1.5323, Val accuracy: 70.76
[Monday, 16 May 2022 08:44:37 AM] Epoch [37/100], Loss: 1.5831, Val accuracy: 71.03
[Monday, 16 May 2022 09:15:54 AM] Epoch [38/100], Loss: 1.588, Val accuracy: 72.6
[Monday, 16 May 2022 09:47:11 AM] Epoch [39/100], Loss: 1.5978, Val accuracy: 69.8
[Monday, 16 May 2022 10:30:06 AM] Epoch [40/100], Loss: 1.5945, Val accuracy: 70.57, PGD Adv accuracy: 65.68
[Monday, 16 May 2022 11:01:18 AM] Epoch [41/100], Loss: 1.4091, Val accuracy: 71.63
[Monday, 16 May 2022 11:32:43 AM] Epoch [42/100], Loss: 1.5396, Val accuracy: 71.8
[Monday, 16 May 2022 12:04:15 PM] Epoch [43/100], Loss: 1.464, Val accuracy: 72.23
[Monday, 16 May 2022 12:35:50 PM] Epoch [44/100], Loss: 1.469, Val accuracy: 71.07
[Monday, 16 May 2022 13:07:24 PM] Epoch [45/100], Loss: 1.4595, Val accuracy: 71.95
[Monday, 16 May 2022 13:39:00 PM] Epoch [46/100], Loss: 1.4226, Val accuracy: 72.67
[Monday, 16 May 2022 14:10:37 PM] Epoch [47/100], Loss: 1.3902, Val accuracy: 73.92
[Monday, 16 May 2022 14:42:19 PM] Epoch [48/100], Loss: 1.606, Val accuracy: 72.13
[Monday, 16 May 2022 15:13:57 PM] Epoch [49/100], Loss: 1.4751, Val accuracy: 71.94
[Monday, 16 May 2022 15:57:08 PM] Epoch [50/100], Loss: 1.4707, Val accuracy: 73.92, PGD Adv accuracy: 68.43
[Monday, 16 May 2022 16:28:37 PM] Epoch [51/100], Loss: 1.3986, Val accuracy: 72.64
[Monday, 16 May 2022 17:00:11 PM] Epoch [52/100], Loss: 1.3754, Val accuracy: 72.96
[Monday, 16 May 2022 17:31:54 PM] Epoch [53/100], Loss: 1.5985, Val accuracy: 72.78
[Monday, 16 May 2022 18:03:30 PM] Epoch [54/100], Loss: 1.474, Val accuracy: 72.87
[Monday, 16 May 2022 18:35:05 PM] Epoch [55/100], Loss: 1.4968, Val accuracy: 73.95
[Monday, 16 May 2022 19:06:22 PM] Epoch [56/100], Loss: 1.4705, Val accuracy: 72.52
[Monday, 16 May 2022 19:37:38 PM] Epoch [57/100], Loss: 1.3036, Val accuracy: 73.05
[Monday, 16 May 2022 20:08:55 PM] Epoch [58/100], Loss: 1.2951, Val accuracy: 72.75
[Monday, 16 May 2022 20:40:21 PM] Epoch [59/100], Loss: 1.4881, Val accuracy: 74.57
[Monday, 16 May 2022 21:23:40 PM] Epoch [60/100], Loss: 1.4413, Val accuracy: 73.95, PGD Adv accuracy: 68.27
[Monday, 16 May 2022 21:55:08 PM] Epoch [61/100], Loss: 1.361, Val accuracy: 74.53
[Monday, 16 May 2022 22:26:34 PM] Epoch [62/100], Loss: 1.4643, Val accuracy: 75.11
[Monday, 16 May 2022 22:57:59 PM] Epoch [63/100], Loss: 1.3871, Val accuracy: 74.97
[Monday, 16 May 2022 23:29:32 PM] Epoch [64/100], Loss: 1.4019, Val accuracy: 73.39
[Tuesday, 17 May 2022 00:00:47 AM] Epoch [65/100], Loss: 1.4055, Val accuracy: 74.14
[Tuesday, 17 May 2022 00:32:21 AM] Epoch [66/100], Loss: 1.3256, Val accuracy: 74.16
[Tuesday, 17 May 2022 01:03:49 AM] Epoch [67/100], Loss: 1.3897, Val accuracy: 74.88
[Tuesday, 17 May 2022 01:35:16 AM] Epoch [68/100], Loss: 1.3582, Val accuracy: 75.45
[Tuesday, 17 May 2022 02:06:33 AM] Epoch [69/100], Loss: 1.4354, Val accuracy: 76.62
[Tuesday, 17 May 2022 02:49:20 AM] Epoch [70/100], Loss: 1.3583, Val accuracy: 76.8, PGD Adv accuracy: 70.98
[Tuesday, 17 May 2022 03:20:47 AM] Epoch [71/100], Loss: 1.3472, Val accuracy: 76.82
[Tuesday, 17 May 2022 03:52:14 AM] Epoch [72/100], Loss: 1.4609, Val accuracy: 74.7
[Tuesday, 17 May 2022 04:23:33 AM] Epoch [73/100], Loss: 1.4942, Val accuracy: 75.87
[Tuesday, 17 May 2022 04:54:54 AM] Epoch [74/100], Loss: 1.3388, Val accuracy: 76.7
[Tuesday, 17 May 2022 05:26:15 AM] Epoch [75/100], Loss: 1.351, Val accuracy: 76.59
[Tuesday, 17 May 2022 06:09:02 AM] Epoch [76/100], Loss: 1.2335, Val accuracy: 80.14, PGD Adv accuracy: 74.78
[Tuesday, 17 May 2022 06:40:01 AM] Epoch [77/100], Loss: 1.2746, Val accuracy: 80.48
[Tuesday, 17 May 2022 07:11:16 AM] Epoch [78/100], Loss: 1.427, Val accuracy: 81.33
[Tuesday, 17 May 2022 07:42:30 AM] Epoch [79/100], Loss: 1.2253, Val accuracy: 81.17
[Tuesday, 17 May 2022 08:25:16 AM] Epoch [80/100], Loss: 1.234, Val accuracy: 81.51, PGD Adv accuracy: 76.19
[Tuesday, 17 May 2022 08:56:29 AM] Epoch [81/100], Loss: 1.2072, Val accuracy: 81.53
[Tuesday, 17 May 2022 09:27:36 AM] Epoch [82/100], Loss: 1.0558, Val accuracy: 81.22
[Tuesday, 17 May 2022 09:58:52 AM] Epoch [83/100], Loss: 1.0266, Val accuracy: 81.68
[Tuesday, 17 May 2022 10:30:08 AM] Epoch [84/100], Loss: 1.0876, Val accuracy: 81.59
[Tuesday, 17 May 2022 11:01:21 AM] Epoch [85/100], Loss: 1.1739, Val accuracy: 81.69
[Tuesday, 17 May 2022 11:32:37 AM] Epoch [86/100], Loss: 1.1431, Val accuracy: 81.5
[Tuesday, 17 May 2022 12:04:22 PM] Epoch [87/100], Loss: 0.9482, Val accuracy: 81.61
[Tuesday, 17 May 2022 12:36:10 PM] Epoch [88/100], Loss: 0.9613, Val accuracy: 82.23
[Tuesday, 17 May 2022 13:08:03 PM] Epoch [89/100], Loss: 0.9948, Val accuracy: 81.83
[Tuesday, 17 May 2022 13:51:41 PM] Epoch [90/100], Loss: 1.0391, Val accuracy: 81.08, PGD Adv accuracy: 75.92
[Tuesday, 17 May 2022 14:23:29 PM] Epoch [91/100], Loss: 1.0383, Val accuracy: 82.4
[Tuesday, 17 May 2022 14:55:16 PM] Epoch [92/100], Loss: 0.9405, Val accuracy: 82.65
[Tuesday, 17 May 2022 15:27:02 PM] Epoch [93/100], Loss: 0.9486, Val accuracy: 82.61
[Tuesday, 17 May 2022 15:58:48 PM] Epoch [94/100], Loss: 0.9854, Val accuracy: 82.89
[Tuesday, 17 May 2022 16:30:43 PM] Epoch [95/100], Loss: 1.1303, Val accuracy: 82.72
[Tuesday, 17 May 2022 17:00:16 PM] Epoch [96/100], Loss: 1.0063, Val accuracy: 82.62
[Tuesday, 17 May 2022 17:27:05 PM] Epoch [97/100], Loss: 0.9119, Val accuracy: 82.59
[Tuesday, 17 May 2022 17:53:47 PM] Epoch [98/100], Loss: 0.878, Val accuracy: 82.66
[Tuesday, 17 May 2022 18:20:27 PM] Epoch [99/100], Loss: 0.9006, Val accuracy: 82.68
[Tuesday, 17 May 2022 18:56:50 PM] Epoch [100/100], Loss: 0.9412, Val accuracy: 82.53, PGD Adv accuracy: 76.86
