PyTorch 1.10.2
Torchvision 0.11.3
Torchattacks 3.2.4
Numpy 1.21.5
Files already downloaded and verified
Files already downloaded and verified
==>For PGD attack test of strength 8.0/255 on both train and test CIFAR dataset,
Model Trained with strength 0.0/255 has PGD Adv accs: TRAIN 0.0
Model Trained with strength 0.0/255 has PGD Adv accs: TEST 0.0
Model Trained with strength 1.0/255 has PGD Adv accs: TRAIN 8.12
Model Trained with strength 1.0/255 has PGD Adv accs: TEST 7.62
Model Trained with strength 2.0/255 has PGD Adv accs: TRAIN 22.29
Model Trained with strength 2.0/255 has PGD Adv accs: TEST 19.29
Model Trained with strength 3.0/255 has PGD Adv accs: TRAIN 37.288
Model Trained with strength 3.0/255 has PGD Adv accs: TEST 29.15
Model Trained with strength 4.0/255 has PGD Adv accs: TRAIN 52.43
Model Trained with strength 4.0/255 has PGD Adv accs: TEST 36.25
Model Trained with strength 5.0/255 has PGD Adv accs: TRAIN 63.572
Model Trained with strength 5.0/255 has PGD Adv accs: TEST 41.01
Model Trained with strength 6.0/255 has PGD Adv accs: TRAIN 69.022
Model Trained with strength 6.0/255 has PGD Adv accs: TEST 44.36
Model Trained with strength 7.0/255 has PGD Adv accs: TRAIN 71.042
Model Trained with strength 7.0/255 has PGD Adv accs: TEST 46.7
Model Trained with strength 8.0/255 has PGD Adv accs: TRAIN 71.906
Model Trained with strength 8.0/255 has PGD Adv accs: TEST 48.75
Model Trained with strength 9.0/255 has PGD Adv accs: TRAIN 70.272
Model Trained with strength 9.0/255 has PGD Adv accs: TEST 50.25
Model Trained with strength 10.0/255 has PGD Adv accs: TRAIN 69.082
Model Trained with strength 10.0/255 has PGD Adv accs: TEST 51.11
Model Trained with strength 11.0/255 has PGD Adv accs: TRAIN 67.296
Model Trained with strength 11.0/255 has PGD Adv accs: TEST 52.22
Model Trained with strength 12.0/255 has PGD Adv accs: TRAIN 65.678
Model Trained with strength 12.0/255 has PGD Adv accs: TEST 52.55
