PyTorch 1.10.2
Torchvision 0.11.3
Torchattacks 3.2.4
Numpy 1.21.5
Files already downloaded and verified
Files already downloaded and verified
==>For PGD attack test of strength 6.0/255 on both train and test CIFAR dataset,
Model Trained with strength 0.0/255 has PGD Adv accs: TRAIN 0.0
Model Trained with strength 0.0/255 has PGD Adv accs: TEST 0.0
Model Trained with strength 2.0/255 has PGD Adv accs: TRAIN 48.69190705128205
Model Trained with strength 2.0/255 has PGD Adv accs: TEST 39.48
Model Trained with strength 4.0/255 has PGD Adv accs: TRAIN 75.73116987179488
Model Trained with strength 4.0/255 has PGD Adv accs: TEST 56.25
Model Trained with strength 6.0/255 has PGD Adv accs: TRAIN 79.16266025641026
Model Trained with strength 6.0/255 has PGD Adv accs: TEST 62.03
Model Trained with strength 8.0/255 has PGD Adv accs: TRAIN 75.48477564102564
Model Trained with strength 8.0/255 has PGD Adv accs: TEST 62.97
Model Trained with strength 10.0/255 has PGD Adv accs: TRAIN 71.98116987179488
Model Trained with strength 10.0/255 has PGD Adv accs: TEST 63.22
Model Trained with strength 12.0/255 has PGD Adv accs: TRAIN 66.04166666666667
Model Trained with strength 12.0/255 has PGD Adv accs: TEST 60.56
