PyTorch 1.10.2
Torchvision 0.11.3
Torchattacks 3.2.4
Numpy 1.21.5
Files already downloaded and verified
Files already downloaded and verified
==>For PGD attack test of strength 8.0/255 on both train and test CIFAR dataset,
Model Trained with strength 0.0/255 has PGD Adv accs: TRAIN 0.0
Model Trained with strength 0.0/255 has PGD Adv accs: TEST 0.0
Model Trained with strength 2.0/255 has PGD Adv accs: TRAIN 25.264423076923077
Model Trained with strength 2.0/255 has PGD Adv accs: TEST 22.07
Model Trained with strength 4.0/255 has PGD Adv accs: TRAIN 54.821714743589745
Model Trained with strength 4.0/255 has PGD Adv accs: TEST 41.12
Model Trained with strength 6.0/255 has PGD Adv accs: TRAIN 67.37780448717949
Model Trained with strength 6.0/255 has PGD Adv accs: TEST 49.8
Model Trained with strength 8.0/255 has PGD Adv accs: TRAIN 67.21153846153847
Model Trained with strength 8.0/255 has PGD Adv accs: TEST 53.75
Model Trained with strength 10.0/255 has PGD Adv accs: TRAIN 65.3125
Model Trained with strength 10.0/255 has PGD Adv accs: TEST 55.81
Model Trained with strength 12.0/255 has PGD Adv accs: TRAIN 60.61698717948718
Model Trained with strength 12.0/255 has PGD Adv accs: TEST 54.62
