PyTorch 1.10.2
Torchvision 0.11.3
Torchattacks 3.2.4
Numpy 1.21.5
Files already downloaded and verified
Files already downloaded and verified
==>For PGD attack test of strength 7.0/255 on both train and test CIFAR dataset,
Model Trained with strength 0.0/255 has PGD Adv accs: TRAIN 0.0
Model Trained with strength 0.0/255 has PGD Adv accs: TEST 0.0
Model Trained with strength 2.0/255 has PGD Adv accs: TRAIN 35.627003205128204
Model Trained with strength 2.0/255 has PGD Adv accs: TEST 30.08
Model Trained with strength 4.0/255 has PGD Adv accs: TRAIN 65.7411858974359
Model Trained with strength 4.0/255 has PGD Adv accs: TEST 48.45
Model Trained with strength 6.0/255 has PGD Adv accs: TRAIN 73.77804487179488
Model Trained with strength 6.0/255 has PGD Adv accs: TEST 55.95
Model Trained with strength 8.0/255 has PGD Adv accs: TRAIN 71.45833333333333
Model Trained with strength 8.0/255 has PGD Adv accs: TEST 58.54
Model Trained with strength 10.0/255 has PGD Adv accs: TRAIN 68.77804487179488
Model Trained with strength 10.0/255 has PGD Adv accs: TEST 59.41
Model Trained with strength 12.0/255 has PGD Adv accs: TRAIN 63.37339743589744
Model Trained with strength 12.0/255 has PGD Adv accs: TEST 57.71
